Loaded checkpoint: step=100000, d_model=256, predict_x0=True, lat_head=Aux, sg_head=False
Mode: coord-only eval with ground-truth lattice
Phase 4.1: ensemble n_samples=20, eta=0.0
  val = self.func(instance)
  val = self.func(instance)
Phase 9.2: Debye-gradient guidance — scale=2.0, start_t=0.5, clip=0.05
Aux-head lattice MAE vs true (a,b,c in Å, α,β,γ in °):
  a=1.143  b=1.054  c=1.744  α=12.56  β=11.31  γ=19.42
Aux-head lattice validity: 200/200 (100.0%)
Ensemble: 200 patterns x 20 candidates in chunks of 32 (7 chunks)
  chunk 1/7 done (sample=7.1s  select=0.1s  refine=0.0s)
  chunk 2/7 done (sample=13.7s  select=0.1s  refine=0.0s)
  chunk 3/7 done (sample=20.3s  select=0.1s  refine=0.0s)
  chunk 4/7 done (sample=26.9s  select=0.1s  refine=0.0s)
  chunk 5/7 done (sample=33.6s  select=0.1s  refine=0.0s)
  chunk 6/7 done (sample=40.2s  select=0.1s  refine=0.0s)
  chunk 7/7 done (sample=42.0s  select=0.1s  refine=0.0s)
Total: sample=42.0s  select=0.1s  refine=0.0s
Selected-candidate pearson: mean=0.585 median=0.615
        mp-10009  comp=Y  sg@0.1=N  rmsd=  NaN  rwp=4.595  pearson=0.445  all=N
      mp-1218989  comp=Y  sg@0.1=N  rmsd=  NaN  rwp=3.368  pearson=0.489  all=N
      mp-1225695  comp=Y  sg@0.1=N  rmsd=0.120  rwp=5.769  pearson=0.958  all=N
      mp-1220884  comp=Y  sg@0.1=N  rmsd=  NaN  rwp=4.160  pearson=0.648  all=N
      mp-1224266  comp=Y  sg@0.1=N  rmsd=  NaN  rwp=5.543  pearson=0.354  all=N
      mp-1002572  comp=Y  sg@0.1=N  rmsd=  NaN  rwp=29.920  pearson=0.294  all=N
       mp-626680  comp=Y  sg@0.1=N  rmsd=  NaN  rwp=14.848  pearson=0.281  all=N
      mp-1228956  comp=Y  sg@0.1=N  rmsd=  NaN  rwp=2.633  pearson=0.475  all=N
      mp-1219335  comp=Y  sg@0.1=N  rmsd=  NaN  rwp=4.418  pearson=0.353  all=N
      mp-1219027  comp=Y  sg@0.1=N  rmsd=  NaN  rwp=5.016  pearson=0.273  all=N
       mp-867922  comp=Y  sg@0.1=N  rmsd=  NaN  rwp=6.909  pearson=0.694  all=N
         mp-4073  comp=Y  sg@0.1=N  rmsd=  NaN  rwp=2.179  pearson=0.877  all=N
        mp-11131  comp=Y  sg@0.1=N  rmsd=  NaN  rwp=1.161  pearson=0.533  all=N
      mp-1215627  comp=Y  sg@0.1=N  rmsd=  NaN  rwp=5.236  pearson=0.402  all=N
      mp-1223834  comp=Y  sg@0.1=N  rmsd=  NaN  rwp=1.024  pearson=0.918  all=N
      mp-1516449  comp=Y  sg@0.1=N  rmsd=  NaN  rwp=3.102  pearson=0.344  all=N
      mp-1225183  comp=Y  sg@0.1=N  rmsd=  NaN  rwp=7.891  pearson=0.443  all=N
      mp-1094830  comp=Y  sg@0.1=N  rmsd=  NaN  rwp=2.107  pearson=0.281  all=N
       mp-849335  comp=Y  sg@0.1=N  rmsd=  NaN  rwp=10.463  pearson=0.237  all=N
       mp-758558  comp=Y  sg@0.1=N  rmsd=  NaN  rwp=1.201  pearson=0.891  all=N
      mp-1207672  comp=Y  sg@0.1=N  rmsd=  NaN  rwp=16.452  pearson=0.112  all=N
         mp-2452  comp=Y  sg@0.1=N  rmsd=  NaN  rwp=2.708  pearson=0.910  all=N
        mp-12398  comp=Y  sg@0.1=N  rmsd=  NaN  rwp=1.914  pearson=0.340  all=N
      mp-1101094  comp=Y  sg@0.1=N  rmsd=  NaN  rwp=1.956  pearson=0.336  all=N
      mp-1218090  comp=Y  sg@0.1=N  rmsd=  NaN  rwp=1.152  pearson=0.573  all=N
       mp-972370  comp=Y  sg@0.1=N  rmsd=  NaN  rwp=18.082  pearson=0.492  all=N
      mp-1224851  comp=Y  sg@0.1=N  rmsd=  NaN  rwp=4.424  pearson=0.658  all=N
      mp-1222864  comp=Y  sg@0.1=N  rmsd=  NaN  rwp=21.096  pearson=0.139  all=N
      mp-1189226  comp=Y  sg@0.1=N  rmsd=  NaN  rwp=13.229  pearson=0.420  all=N
      mp-1225753  comp=Y  sg@0.1=N  rmsd=  NaN  rwp=9.644  pearson=0.140  all=N
--- Aggregate Metrics ---
                               n: 200
          composition_match_rate: 1.0000
                       rmsd_mean: 0.1550
                     rmsd_median: 0.1435
   match_rate (StructureMatcher): 0.0200
                        rwp_mean: 7.0685
                    pearson_mean: 0.4833
            headline_all_correct: 0.0000
                   sg_match@0.01: 0.0200
                   sg_match@0.05: 0.0200
                    sg_match@0.1: 0.0200
                    sg_match@0.2: 0.0100
Wrote aggregate metrics to paper/phase9_results/p9_2_gs2.0.json
