Loaded checkpoint: step=100000, d_model=256, predict_x0=True, lat_head=Aux, sg_head=False
Phase 4.1: ensemble n_samples=20, eta=0.0
Phase 4.2: Rietveld refinement steps=200, lr=0.001, refine_lattice=False
  val = self.func(instance)
  val = self.func(instance)
Aux-head lattice MAE vs true (a,b,c in Å, α,β,γ in °):
  a=1.260  b=1.135  c=1.552  α=13.79  β=12.68  γ=20.23
Aux-head lattice validity: 998/1000 (99.8%)
Phase 9.1: indexed-cell lattice — 961/1000 covered (96.1%); uncovered fall back to true lattice
  indexed-cell MAE vs true: a=2.132 b=1.546 c=2.207  α=16.88 β=17.73 γ=20.47
Ensemble: 1000 patterns x 20 candidates in chunks of 32 (32 chunks)
Refinement: 200 Adam steps @ lr=0.001, refine_lattice=False
  chunk 3/32 done (sample=17.2s  select=1.4s  refine=3.8s)
  chunk 6/32 done (sample=34.2s  select=2.6s  refine=6.0s)
  chunk 9/32 done (sample=51.2s  select=3.9s  refine=8.0s)
  chunk 12/32 done (sample=68.3s  select=5.1s  refine=10.1s)
  chunk 15/32 done (sample=85.4s  select=6.4s  refine=12.2s)
  chunk 18/32 done (sample=102.6s  select=7.6s  refine=14.3s)
  chunk 21/32 done (sample=119.8s  select=8.9s  refine=16.3s)
  chunk 24/32 done (sample=136.9s  select=10.1s  refine=18.3s)
  chunk 27/32 done (sample=154.1s  select=11.4s  refine=20.2s)
  chunk 30/32 done (sample=171.3s  select=12.6s  refine=22.3s)
  chunk 32/32 done (sample=178.4s  select=13.2s  refine=23.6s)
Total: sample=178.4s  select=13.2s  refine=23.6s
Selected-candidate pearson: mean=0.349 median=0.277
Refinement loss avg first->last: 0.6503 -> 0.3969
        mp-10009  comp=Y  sg@0.1=N  rmsd=  NaN  rwp=2.240  pearson=0.522  all=N
      mp-1218989  comp=Y  sg@0.1=N  rmsd=  NaN  rwp=14.523  pearson=0.277  all=N
      mp-1225695  comp=Y  sg@0.1=N  rmsd=  NaN  rwp=36.719  pearson=-0.005  all=N
      mp-1220884  comp=Y  sg@0.1=N  rmsd=  NaN  rwp=5.968  pearson=0.697  all=N
      mp-1224266  comp=Y  sg@0.1=N  rmsd=  NaN  rwp=9.980  pearson=0.131  all=N
      mp-1002572  comp=Y  sg@0.1=N  rmsd=  NaN  rwp=8.548  pearson=0.875  all=N
       mp-626680  comp=Y  sg@0.1=N  rmsd=  NaN  rwp=13.034  pearson=-0.004  all=N
      mp-1228956  comp=Y  sg@0.1=N  rmsd=  NaN  rwp=6.839  pearson=0.197  all=N
      mp-1219335  comp=Y  sg@0.1=N  rmsd=  NaN  rwp=9.588  pearson=0.295  all=N
      mp-1219027  comp=Y  sg@0.1=N  rmsd=  NaN  rwp=8.721  pearson=0.127  all=N
       mp-867922  comp=Y  sg@0.1=N  rmsd=  NaN  rwp=22.002  pearson=-0.008  all=N
         mp-4073  comp=Y  sg@0.1=N  rmsd=  NaN  rwp=6.398  pearson=0.662  all=N
        mp-11131  comp=Y  sg@0.1=N  rmsd=  NaN  rwp=6.927  pearson=0.368  all=N
      mp-1215627  comp=Y  sg@0.1=N  rmsd=  NaN  rwp=2.080  pearson=0.591  all=N
      mp-1223834  comp=Y  sg@0.1=N  rmsd=  NaN  rwp=15.435  pearson=0.440  all=N
      mp-1516449  comp=Y  sg@0.1=N  rmsd=  NaN  rwp=21.957  pearson=-0.009  all=N
      mp-1225183  comp=Y  sg@0.1=N  rmsd=  NaN  rwp=24.579  pearson=0.046  all=N
      mp-1094830  comp=Y  sg@0.1=N  rmsd=  NaN  rwp=16.176  pearson=0.214  all=N
       mp-849335  comp=Y  sg@0.1=N  rmsd=  NaN  rwp=10.505  pearson=0.000  all=N
       mp-758558  comp=Y  sg@0.1=N  rmsd=  NaN  rwp=7.890  pearson=0.269  all=N
      mp-1207672  comp=Y  sg@0.1=N  rmsd=  NaN  rwp=19.619  pearson=0.466  all=N
         mp-2452  comp=Y  sg@0.1=N  rmsd=  NaN  rwp=16.545  pearson=0.081  all=N
        mp-12398  comp=Y  sg@0.1=N  rmsd=  NaN  rwp=2.117  pearson=0.643  all=N
      mp-1101094  comp=Y  sg@0.1=N  rmsd=  NaN  rwp=1.959  pearson=0.701  all=N
      mp-1218090  comp=Y  sg@0.1=N  rmsd=  NaN  rwp=0.941  pearson=0.725  all=N
       mp-972370  comp=Y  sg@0.1=N  rmsd=  NaN  rwp=21.977  pearson=0.399  all=N
      mp-1224851  comp=Y  sg@0.1=N  rmsd=  NaN  rwp=16.382  pearson=0.138  all=N
      mp-1222864  comp=Y  sg@0.1=N  rmsd=  NaN  rwp=13.390  pearson=0.005  all=N
      mp-1189226  comp=Y  sg@0.1=N  rmsd=  NaN  rwp=4.452  pearson=0.677  all=N
      mp-1225753  comp=Y  sg@0.1=N  rmsd=  NaN  rwp=9.919  pearson=0.011  all=N
spglib: ssm_get_exact_positions failed.
spglib: get_bravais_exact_positions_and_lattice failed.
--- Aggregate Metrics ---
                               n: 1000
          composition_match_rate: 1.0000
                       rmsd_mean: 0.1388
                     rmsd_median: 0.1255
   match_rate (StructureMatcher): 0.0160
                        rwp_mean: 11.4551
                    pearson_mean: 0.3971
            headline_all_correct: 0.0010
                   sg_match@0.01: 0.0150
                   sg_match@0.05: 0.0130
                    sg_match@0.1: 0.0140
                    sg_match@0.2: 0.0110
Wrote aggregate metrics to paper/phase9_results/p9_idxlat_n1000.json
