Loaded checkpoint: step=100000, d_model=256, predict_x0=True, lat_head=Aux, sg_head=False
Mode: coord-only eval with ground-truth lattice
Phase 4.1: ensemble n_samples=20, eta=0.0
Phase 4.2: Rietveld refinement steps=200, lr=0.001, refine_lattice=False
  val = self.func(instance)
  val = self.func(instance)
Aux-head lattice MAE vs true (a,b,c in Å, α,β,γ in °):
  a=1.260  b=1.135  c=1.552  α=13.79  β=12.68  γ=20.23
Aux-head lattice validity: 998/1000 (99.8%)
Ensemble: 1000 patterns x 20 candidates in chunks of 32 (32 chunks)
Refinement: 200 Adam steps @ lr=0.001, refine_lattice=False
  chunk 3/32 done (sample=17.2s  select=1.4s  refine=3.8s)
  chunk 6/32 done (sample=34.1s  select=2.6s  refine=5.9s)
  chunk 9/32 done (sample=51.2s  select=3.9s  refine=7.9s)
  chunk 12/32 done (sample=68.2s  select=5.1s  refine=10.0s)
  chunk 15/32 done (sample=85.3s  select=6.4s  refine=12.0s)
  chunk 18/32 done (sample=102.5s  select=7.6s  refine=14.0s)
  chunk 21/32 done (sample=119.7s  select=8.9s  refine=16.0s)
  chunk 24/32 done (sample=136.8s  select=10.1s  refine=17.9s)
  chunk 27/32 done (sample=154.0s  select=11.4s  refine=20.0s)
  chunk 30/32 done (sample=171.2s  select=12.6s  refine=22.0s)
  chunk 32/32 done (sample=178.4s  select=13.2s  refine=23.4s)
Total: sample=178.4s  select=13.2s  refine=23.4s
Selected-candidate pearson: mean=0.580 median=0.589
Refinement loss avg first->last: 0.4180 -> 0.1006
        mp-10009  comp=Y  sg@0.1=N  rmsd=  NaN  rwp=6.672  pearson=0.629  all=N
      mp-1218989  comp=Y  sg@0.1=N  rmsd=  NaN  rwp=0.327  pearson=0.989  all=N
      mp-1225695  comp=Y  sg@0.1=N  rmsd=  NaN  rwp=22.366  pearson=0.401  all=N
      mp-1220884  comp=Y  sg@0.1=N  rmsd=  NaN  rwp=2.282  pearson=0.835  all=N
      mp-1224266  comp=Y  sg@0.1=N  rmsd=  NaN  rwp=2.216  pearson=0.577  all=N
      mp-1002572  comp=Y  sg@0.1=N  rmsd=  NaN  rwp=14.665  pearson=0.480  all=N
       mp-626680  comp=Y  sg@0.1=N  rmsd=  NaN  rwp=20.688  pearson=0.447  all=N
      mp-1228956  comp=Y  sg@0.1=N  rmsd=  NaN  rwp=1.664  pearson=0.493  all=N
      mp-1219335  comp=Y  sg@0.1=N  rmsd=  NaN  rwp=5.687  pearson=0.606  all=N
      mp-1219027  comp=Y  sg@0.1=N  rmsd=  NaN  rwp=11.630  pearson=0.735  all=N
       mp-867922  comp=Y  sg@0.1=N  rmsd=  NaN  rwp=1.107  pearson=0.806  all=N
         mp-4073  comp=Y  sg@0.1=N  rmsd=  NaN  rwp=6.956  pearson=0.568  all=N
        mp-11131  comp=Y  sg@0.1=N  rmsd=  NaN  rwp=1.115  pearson=0.764  all=N
      mp-1215627  comp=Y  sg@0.1=N  rmsd=  NaN  rwp=2.882  pearson=0.641  all=N
      mp-1223834  comp=Y  sg@0.1=N  rmsd=0.211  rwp=0.471  pearson=0.970  all=N
      mp-1516449  comp=Y  sg@0.1=N  rmsd=  NaN  rwp=2.429  pearson=0.818  all=N
      mp-1225183  comp=Y  sg@0.1=N  rmsd=  NaN  rwp=4.681  pearson=0.601  all=N
      mp-1094830  comp=Y  sg@0.1=N  rmsd=  NaN  rwp=2.489  pearson=0.499  all=N
       mp-849335  comp=Y  sg@0.1=N  rmsd=  NaN  rwp=10.599  pearson=0.429  all=N
       mp-758558  comp=Y  sg@0.1=N  rmsd=  NaN  rwp=2.083  pearson=0.553  all=N
      mp-1207672  comp=Y  sg@0.1=N  rmsd=  NaN  rwp=16.634  pearson=0.188  all=N
         mp-2452  comp=Y  sg@0.1=N  rmsd=  NaN  rwp=2.030  pearson=0.965  all=N
        mp-12398  comp=Y  sg@0.1=N  rmsd=  NaN  rwp=1.698  pearson=0.599  all=N
      mp-1101094  comp=Y  sg@0.1=N  rmsd=  NaN  rwp=2.067  pearson=0.620  all=N
      mp-1218090  comp=Y  sg@0.1=N  rmsd=  NaN  rwp=0.836  pearson=0.654  all=N
       mp-972370  comp=Y  sg@0.1=N  rmsd=0.078  rwp=1.852  pearson=0.993  all=N
      mp-1224851  comp=Y  sg@0.1=N  rmsd=  NaN  rwp=3.267  pearson=0.400  all=N
      mp-1222864  comp=Y  sg@0.1=N  rmsd=  NaN  rwp=18.852  pearson=0.444  all=N
      mp-1189226  comp=Y  sg@0.1=N  rmsd=  NaN  rwp=7.370  pearson=0.737  all=N
      mp-1225753  comp=Y  sg@0.1=N  rmsd=  NaN  rwp=10.958  pearson=0.423  all=N
--- Aggregate Metrics ---
                               n: 1000
          composition_match_rate: 1.0000
                       rmsd_mean: 0.1352
                     rmsd_median: 0.1057
   match_rate (StructureMatcher): 0.0560
                        rwp_mean: 5.5661
                    pearson_mean: 0.6467
            headline_all_correct: 0.0060
                   sg_match@0.01: 0.0190
                   sg_match@0.05: 0.0190
                    sg_match@0.1: 0.0170
                    sg_match@0.2: 0.0150
Wrote aggregate metrics to paper/phase9_results/p9_truelat_n1000.json
