Loaded checkpoint: step=100000, d_model=256, predict_x0=True, lat_head=Aux, sg_head=False
Phase 4.1: ensemble n_samples=20, eta=0.0
Phase 4.2: Rietveld refinement steps=200, lr=0.001, refine_lattice=False
  val = self.func(instance)
  val = self.func(instance)
Aux-head lattice MAE vs true (a,b,c in Å, α,β,γ in °):
  a=1.184  b=1.054  c=1.546  α=12.30  β=11.13  γ=19.34
Aux-head lattice validity: 300/300 (100.0%)
Phase 9.1: indexed-cell lattice — 300/300 covered (100.0%); uncovered fall back to true lattice
  indexed-cell MAE vs true: a=3.035 b=2.844 c=3.249  α=14.15 β=15.78 γ=17.54
Ensemble: 300 patterns x 20 candidates in chunks of 32 (10 chunks)
Refinement: 200 Adam steps @ lr=0.001, refine_lattice=False
  chunk 1/10 done (sample=5.9s  select=0.5s  refine=2.2s)
  chunk 2/10 done (sample=11.6s  select=0.9s  refine=2.9s)
  chunk 3/10 done (sample=17.2s  select=1.4s  refine=3.6s)
  chunk 4/10 done (sample=22.9s  select=1.8s  refine=4.2s)
  chunk 5/10 done (sample=28.6s  select=2.2s  refine=4.9s)
  chunk 6/10 done (sample=34.3s  select=2.6s  refine=5.5s)
  chunk 7/10 done (sample=40.0s  select=3.0s  refine=6.2s)
  chunk 8/10 done (sample=45.7s  select=3.4s  refine=6.9s)
  chunk 9/10 done (sample=51.4s  select=3.8s  refine=7.5s)
  chunk 10/10 done (sample=53.5s  select=4.0s  refine=8.2s)
Total: sample=53.5s  select=4.0s  refine=8.2s
Selected-candidate pearson: mean=0.025 median=-0.009
Refinement loss avg first->last: 0.9769 -> 0.8615
        mp-10009  comp=Y  sg@0.1=N  rmsd=  NaN  rwp=8.269  pearson=-0.002  all=N
      mp-1218989  comp=Y  sg@0.1=N  rmsd=  NaN  rwp=15.316  pearson=0.008  all=N
      mp-1225695  comp=Y  sg@0.1=N  rmsd=  NaN  rwp=27.946  pearson=-0.012  all=N
      mp-1220884  comp=Y  sg@0.1=N  rmsd=  NaN  rwp=30.736  pearson=0.054  all=N
      mp-1224266  comp=Y  sg@0.1=N  rmsd=  NaN  rwp=7.701  pearson=-0.006  all=N
      mp-1002572  comp=Y  sg@0.1=N  rmsd=  NaN  rwp=6.724  pearson=0.187  all=N
       mp-626680  comp=Y  sg@0.1=N  rmsd=  NaN  rwp=10.488  pearson=0.047  all=N
      mp-1228956  comp=Y  sg@0.1=N  rmsd=  NaN  rwp=13.180  pearson=-0.013  all=N
      mp-1219335  comp=Y  sg@0.1=N  rmsd=  NaN  rwp=9.960  pearson=0.135  all=N
      mp-1219027  comp=Y  sg@0.1=Y  rmsd=  NaN  rwp=9.752  pearson=-0.006  all=N
       mp-867922  comp=Y  sg@0.1=N  rmsd=  NaN  rwp=27.830  pearson=-0.007  all=N
         mp-4073  comp=Y  sg@0.1=N  rmsd=  NaN  rwp=13.137  pearson=-0.008  all=N
        mp-11131  comp=Y  sg@0.1=N  rmsd=  NaN  rwp=8.973  pearson=0.278  all=N
      mp-1215627  comp=Y  sg@0.1=N  rmsd=  NaN  rwp=11.869  pearson=0.000  all=N
      mp-1223834  comp=Y  sg@0.1=N  rmsd=  NaN  rwp=11.132  pearson=-0.009  all=N
      mp-1516449  comp=Y  sg@0.1=N  rmsd=  NaN  rwp=21.332  pearson=0.017  all=N
      mp-1225183  comp=Y  sg@0.1=N  rmsd=  NaN  rwp=14.479  pearson=-0.007  all=N
      mp-1094830  comp=Y  sg@0.1=N  rmsd=  NaN  rwp=13.614  pearson=-0.002  all=N
       mp-849335  comp=Y  sg@0.1=N  rmsd=  NaN  rwp=10.790  pearson=0.003  all=N
       mp-758558  comp=Y  sg@0.1=N  rmsd=  NaN  rwp=6.530  pearson=0.073  all=N
      mp-1207672  comp=Y  sg@0.1=N  rmsd=  NaN  rwp=16.120  pearson=-0.005  all=N
         mp-2452  comp=Y  sg@0.1=N  rmsd=  NaN  rwp=18.172  pearson=0.044  all=N
        mp-12398  comp=Y  sg@0.1=N  rmsd=  NaN  rwp=13.349  pearson=0.382  all=N
      mp-1101094  comp=Y  sg@0.1=N  rmsd=  NaN  rwp=24.501  pearson=0.022  all=N
      mp-1218090  comp=Y  sg@0.1=N  rmsd=  NaN  rwp=10.481  pearson=-0.007  all=N
       mp-972370  comp=Y  sg@0.1=N  rmsd=  NaN  rwp=22.772  pearson=0.011  all=N
      mp-1224851  comp=Y  sg@0.1=N  rmsd=  NaN  rwp=25.141  pearson=-0.002  all=N
      mp-1222864  comp=Y  sg@0.1=N  rmsd=  NaN  rwp=20.877  pearson=0.004  all=N
      mp-1189226  comp=Y  sg@0.1=N  rmsd=  NaN  rwp=16.227  pearson=0.054  all=N
      mp-1225753  comp=Y  sg@0.1=N  rmsd=  NaN  rwp=9.452  pearson=0.037  all=N
/workspace/pxrd-diff/src/pxrd_diff/eval.py:135: RuntimeWarning: Mean of empty slice
  "rmsd_mean": float(np.nanmean(rmsd)),
/workspace/pxrd-diff/src/pxrd_diff/eval.py:136: RuntimeWarning: All-NaN slice encountered
  "rmsd_median": float(np.nanmedian(rmsd)),
--- Aggregate Metrics ---
                               n: 300
          composition_match_rate: 1.0000
                       rmsd_mean: nan
                     rmsd_median: nan
   match_rate (StructureMatcher): 0.0000
                        rwp_mean: 15.7284
                    pearson_mean: 0.0381
            headline_all_correct: 0.0000
                   sg_match@0.01: 0.0167
                   sg_match@0.05: 0.0133
                    sg_match@0.1: 0.0167
                    sg_match@0.2: 0.0167
Wrote aggregate metrics to paper/phase9_results/perturb/p9_2_sl3.0.json
