Loaded checkpoint: step=100000, d_model=256, predict_x0=True, lat_head=Aux, sg_head=False
Phase 4.1: ensemble n_samples=20, eta=0.0
Phase 4.2: Rietveld refinement steps=200, lr=0.001, refine_lattice=False
  val = self.func(instance)
  val = self.func(instance)
Aux-head lattice MAE vs true (a,b,c in Å, α,β,γ in °):
  a=1.184  b=1.054  c=1.546  α=12.30  β=11.13  γ=19.34
Aux-head lattice validity: 300/300 (100.0%)
Phase 9.1: indexed-cell lattice — 300/300 covered (100.0%); uncovered fall back to true lattice
  indexed-cell MAE vs true: a=2.035 b=1.898 c=2.164  α=14.15 β=15.78 γ=17.54
Ensemble: 300 patterns x 20 candidates in chunks of 32 (10 chunks)
Refinement: 200 Adam steps @ lr=0.001, refine_lattice=False
  chunk 1/10 done (sample=5.9s  select=0.5s  refine=2.3s)
  chunk 2/10 done (sample=11.6s  select=0.9s  refine=2.9s)
  chunk 3/10 done (sample=17.2s  select=1.4s  refine=3.5s)
  chunk 4/10 done (sample=22.9s  select=1.8s  refine=4.2s)
  chunk 5/10 done (sample=28.6s  select=2.2s  refine=4.8s)
  chunk 6/10 done (sample=34.3s  select=2.6s  refine=5.5s)
  chunk 7/10 done (sample=40.0s  select=3.0s  refine=6.1s)
  chunk 8/10 done (sample=45.7s  select=3.4s  refine=6.8s)
  chunk 9/10 done (sample=51.4s  select=3.8s  refine=7.4s)
  chunk 10/10 done (sample=53.5s  select=4.0s  refine=8.0s)
Total: sample=53.5s  select=4.0s  refine=8.0s
Selected-candidate pearson: mean=0.031 median=-0.007
Refinement loss avg first->last: 0.9696 -> 0.8290
        mp-10009  comp=Y  sg@0.1=N  rmsd=  NaN  rwp=11.365  pearson=0.034  all=N
      mp-1218989  comp=Y  sg@0.1=N  rmsd=  NaN  rwp=13.113  pearson=0.050  all=N
      mp-1225695  comp=Y  sg@0.1=N  rmsd=  NaN  rwp=19.855  pearson=-0.008  all=N
      mp-1220884  comp=Y  sg@0.1=N  rmsd=  NaN  rwp=13.517  pearson=0.000  all=N
      mp-1224266  comp=Y  sg@0.1=N  rmsd=  NaN  rwp=7.796  pearson=0.039  all=N
      mp-1002572  comp=Y  sg@0.1=N  rmsd=  NaN  rwp=14.995  pearson=-0.010  all=N
       mp-626680  comp=Y  sg@0.1=N  rmsd=  NaN  rwp=12.937  pearson=-0.005  all=N
      mp-1228956  comp=Y  sg@0.1=N  rmsd=  NaN  rwp=6.585  pearson=0.026  all=N
      mp-1219335  comp=Y  sg@0.1=N  rmsd=  NaN  rwp=9.058  pearson=0.032  all=N
      mp-1219027  comp=Y  sg@0.1=N  rmsd=  NaN  rwp=12.574  pearson=0.009  all=N
       mp-867922  comp=Y  sg@0.1=N  rmsd=  NaN  rwp=20.693  pearson=-0.008  all=N
         mp-4073  comp=Y  sg@0.1=N  rmsd=  NaN  rwp=13.113  pearson=-0.007  all=N
        mp-11131  comp=Y  sg@0.1=N  rmsd=  NaN  rwp=6.689  pearson=-0.005  all=N
      mp-1215627  comp=Y  sg@0.1=N  rmsd=  NaN  rwp=13.610  pearson=0.013  all=N
      mp-1223834  comp=Y  sg@0.1=N  rmsd=  NaN  rwp=11.363  pearson=-0.008  all=N
      mp-1516449  comp=Y  sg@0.1=N  rmsd=  NaN  rwp=18.864  pearson=0.006  all=N
      mp-1225183  comp=Y  sg@0.1=N  rmsd=  NaN  rwp=14.735  pearson=0.014  all=N
      mp-1094830  comp=Y  sg@0.1=Y  rmsd=  NaN  rwp=11.776  pearson=-0.005  all=N
       mp-849335  comp=Y  sg@0.1=N  rmsd=  NaN  rwp=10.612  pearson=0.007  all=N
       mp-758558  comp=Y  sg@0.1=N  rmsd=  NaN  rwp=10.876  pearson=0.034  all=N
      mp-1207672  comp=Y  sg@0.1=N  rmsd=  NaN  rwp=22.881  pearson=0.127  all=N
         mp-2452  comp=Y  sg@0.1=N  rmsd=  NaN  rwp=17.646  pearson=0.017  all=N
        mp-12398  comp=Y  sg@0.1=N  rmsd=  NaN  rwp=13.815  pearson=0.121  all=N
      mp-1101094  comp=Y  sg@0.1=N  rmsd=  NaN  rwp=23.398  pearson=0.114  all=N
      mp-1218090  comp=Y  sg@0.1=N  rmsd=  NaN  rwp=10.628  pearson=0.005  all=N
       mp-972370  comp=Y  sg@0.1=N  rmsd=  NaN  rwp=26.023  pearson=0.018  all=N
      mp-1224851  comp=Y  sg@0.1=N  rmsd=  NaN  rwp=19.051  pearson=0.015  all=N
      mp-1222864  comp=Y  sg@0.1=N  rmsd=  NaN  rwp=17.416  pearson=0.009  all=N
      mp-1189226  comp=Y  sg@0.1=N  rmsd=  NaN  rwp=12.065  pearson=-0.004  all=N
      mp-1225753  comp=Y  sg@0.1=N  rmsd=  NaN  rwp=9.537  pearson=-0.005  all=N
/workspace/pxrd-diff/src/pxrd_diff/eval.py:135: RuntimeWarning: Mean of empty slice
  "rmsd_mean": float(np.nanmean(rmsd)),
/workspace/pxrd-diff/src/pxrd_diff/eval.py:136: RuntimeWarning: All-NaN slice encountered
  "rmsd_median": float(np.nanmedian(rmsd)),
--- Aggregate Metrics ---
                               n: 300
          composition_match_rate: 1.0000
                       rmsd_mean: nan
                     rmsd_median: nan
   match_rate (StructureMatcher): 0.0000
                        rwp_mean: 16.1214
                    pearson_mean: 0.0405
            headline_all_correct: 0.0000
                   sg_match@0.01: 0.0167
                   sg_match@0.05: 0.0200
                    sg_match@0.1: 0.0200
                    sg_match@0.2: 0.0167
Wrote aggregate metrics to paper/phase9_results/perturb/p9_2_sl1.24.json
